Client 'marshmallow_team' unknown - use 'client' command to create it.

/Users/miriamkac/Documents/Marshmallow Roasting Game/ProjectSettings/AudioManager.asset - must create client 'marshmallow_team' to access local files.

Client 'marshmallow_team' unknown - use 'client' command to create it.

/Users/miriamkac/Documents/Marshmallow Roasting Game/ProjectSettings/AudioManager.asset - must create client 'marshmallow_team' to access local files.

Client 'marshmallow_team' unknown - use 'client' command to create it.

/Users/miriamkac/Documents/Marshmallow Roasting Game/ProjectSettings/AudioManager.asset - must create client 'marshmallow_team' to access local files.

Authentication failed.

Error: Authentication failed.

e32:Authentication failed.\n
Client 'marshmallow_team' unknown - use 'client' command to create it.

/Users/miriamkac/Documents/Marshmallow Roasting Game/ProjectSettings/AudioManager.asset - must create client 'marshmallow_team' to access local files.

Path '/Users/miriamkac/Documents/Marshmallow Roasting Game/testForProjectRootMapping' is not under client's root '/Users/miriamkac/Perforce/mkac_Miriams-MacBook-Pro_3482'.

Error: Path '/Users/miriamkac/Documents/Marshmallow Roasting Game/testForProjectRootMapping' is not under client's root '/Users/miriamkac/Perforce/mkac_Miriams-MacBook-Pro_3482'.

e32:Path '/Users/miriamkac/Documents/Marshmallow Roasting Game/testForProjectRootMapping' is not under client's root '/Users/miriamkac/Perforce/mkac_Miriams-MacBook-Pro_3482'.\n
Path '/Users/miriamkac/Documents/Marshmallow Roasting Game/testForProjectRootMapping' is not under client's root '/Users/miriamkac/Perforce/mkac_Miriams-MacBook-Pro_3482'.

Error: Path '/Users/miriamkac/Documents/Marshmallow Roasting Game/testForProjectRootMapping' is not under client's root '/Users/miriamkac/Perforce/mkac_Miriams-MacBook-Pro_3482'.

e32:Path '/Users/miriamkac/Documents/Marshmallow Roasting Game/testForProjectRootMapping' is not under client's root '/Users/miriamkac/Perforce/mkac_Miriams-MacBook-Pro_3482'.\n
Path '/Users/miriamkac/Documents/Marshmallow Roasting Game/testForProjectRootMapping' is not under client's root '/Users/miriamkac/Perforce/mkac_Miriams-MacBook-Pro_3482'.

Error: Path '/Users/miriamkac/Documents/Marshmallow Roasting Game/testForProjectRootMapping' is not under client's root '/Users/miriamkac/Perforce/mkac_Miriams-MacBook-Pro_3482'.

e32:Path '/Users/miriamkac/Documents/Marshmallow Roasting Game/testForProjectRootMapping' is not under client's root '/Users/miriamkac/Perforce/mkac_Miriams-MacBook-Pro_3482'.\n
Slashes (/) not allowed in '/Users/miriamkac/Perforce/mkac_Miriams-MacBook-Pro_3482'.

Error: Slashes (/) not allowed in '/Users/miriamkac/Perforce/mkac_Miriams-MacBook-Pro_3482'.

e32:Slashes (/) not allowed in '/Users/miriamkac/Perforce/mkac_Miriams-MacBook-Pro_3482'.\n
Slashes (/) not allowed in '/Users/miriamkac/Perforce/mkac_Miriams-MacBook-Pro_3482'.

Error: Slashes (/) not allowed in '/Users/miriamkac/Perforce/mkac_Miriams-MacBook-Pro_3482'.

e32:Slashes (/) not allowed in '/Users/miriamkac/Perforce/mkac_Miriams-MacBook-Pro_3482'.\n
Invalid user (P4USER) or client (P4CLIENT) name.
Revision chars (@, #) not allowed in 'mkac@mail.depaul.edu'.

Error: Invalid user (P4USER) or client (P4CLIENT) name.
Revision chars (@, #) not allowed in 'mkac@mail.depaul.edu'.

e32:Invalid user (P4USER) or client (P4CLIENT) name.\nRevision chars (@, #) not allowed in 'mkac@mail.depaul.edu'.\n
Slashes (/) not allowed in '/Users/miriamkac/Perforce/mkac_Miriams-MacBook-Pro_3482'.

Error: Slashes (/) not allowed in '/Users/miriamkac/Perforce/mkac_Miriams-MacBook-Pro_3482'.

e32:Slashes (/) not allowed in '/Users/miriamkac/Perforce/mkac_Miriams-MacBook-Pro_3482'.\n
Slashes (/) not allowed in '/Users/miriamkac/Perforce/mkac_Miriams-MacBook-Pro_3482'.

Error: Slashes (/) not allowed in '/Users/miriamkac/Perforce/mkac_Miriams-MacBook-Pro_3482'.

e32:Slashes (/) not allowed in '/Users/miriamkac/Perforce/mkac_Miriams-MacBook-Pro_3482'.\n
Slashes (/) not allowed in 'Users/miriamkac/Perforce/mkac_Miriams-MacBook-Pro_3482'.

Error: Slashes (/) not allowed in 'Users/miriamkac/Perforce/mkac_Miriams-MacBook-Pro_3482'.

e32:Slashes (/) not allowed in 'Users/miriamkac/Perforce/mkac_Miriams-MacBook-Pro_3482'.\n
Path '/Users/miriamkac/Documents/Marshmallow Roasting Game/testForProjectRootMapping' is not under client's root '/Users/miriamkac/Perforce/mkac_Miriams-MacBook-Pro_3482'.

Error: Path '/Users/miriamkac/Documents/Marshmallow Roasting Game/testForProjectRootMapping' is not under client's root '/Users/miriamkac/Perforce/mkac_Miriams-MacBook-Pro_3482'.

e32:Path '/Users/miriamkac/Documents/Marshmallow Roasting Game/testForProjectRootMapping' is not under client's root '/Users/miriamkac/Perforce/mkac_Miriams-MacBook-Pro_3482'.\n
Slashes (/) not allowed in '/Users/miriamkac/Perforce/mkac_Miriams-MacBook-Pro_3482'.

Error: Slashes (/) not allowed in '/Users/miriamkac/Perforce/mkac_Miriams-MacBook-Pro_3482'.

e32:Slashes (/) not allowed in '/Users/miriamkac/Perforce/mkac_Miriams-MacBook-Pro_3482'.\n
Path '/Users/miriamkac/Documents/Marshmallow Roasting Game/testForProjectRootMapping' is not under client's root '/Users/miriamkac/Perforce/mkac_Miriams-MacBook-Pro_3482'.

Error: Path '/Users/miriamkac/Documents/Marshmallow Roasting Game/testForProjectRootMapping' is not under client's root '/Users/miriamkac/Perforce/mkac_Miriams-MacBook-Pro_3482'.

e32:Path '/Users/miriamkac/Documents/Marshmallow Roasting Game/testForProjectRootMapping' is not under client's root '/Users/miriamkac/Perforce/mkac_Miriams-MacBook-Pro_3482'.\n
Path '/Users/miriamkac/Documents/Marshmallow Roasting Game/testForProjectRootMapping' is not under client's root '/Users/miriamkac/Perforce/mkac_Miriams-MacBook-Pro_3482'.

Error: Path '/Users/miriamkac/Documents/Marshmallow Roasting Game/testForProjectRootMapping' is not under client's root '/Users/miriamkac/Perforce/mkac_Miriams-MacBook-Pro_3482'.

e32:Path '/Users/miriamkac/Documents/Marshmallow Roasting Game/testForProjectRootMapping' is not under client's root '/Users/miriamkac/Perforce/mkac_Miriams-MacBook-Pro_3482'.\n
Path '/Users/miriamkac/Documents/Marshmallow Roasting Game/testForProjectRootMapping' is not under client's root '/Users/miriamkac/Perforce/mkac_Miriams-MacBook-Pro_3482'.

Error: Path '/Users/miriamkac/Documents/Marshmallow Roasting Game/testForProjectRootMapping' is not under client's root '/Users/miriamkac/Perforce/mkac_Miriams-MacBook-Pro_3482'.

e32:Path '/Users/miriamkac/Documents/Marshmallow Roasting Game/testForProjectRootMapping' is not under client's root '/Users/miriamkac/Perforce/mkac_Miriams-MacBook-Pro_3482'.\n
Slashes (/) not allowed in '/Users/miriamkac/Perforce/mkac_Miriams-MacBook-Pro_3482'.

Error: Slashes (/) not allowed in '/Users/miriamkac/Perforce/mkac_Miriams-MacBook-Pro_3482'.

e32:Slashes (/) not allowed in '/Users/miriamkac/Perforce/mkac_Miriams-MacBook-Pro_3482'.\n
Slashes (/) not allowed in '/Users/miriamkac/Perforce/mkac_Miriams-MacBook-Pro_3482'.

Error: Slashes (/) not allowed in '/Users/miriamkac/Perforce/mkac_Miriams-MacBook-Pro_3482'.

e32:Slashes (/) not allowed in '/Users/miriamkac/Perforce/mkac_Miriams-MacBook-Pro_3482'.\n
Slashes (/) not allowed in '/Users/miriamkac/Perforce/mkac_Miriams-MacBook-Pro_3482'.

Error: Slashes (/) not allowed in '/Users/miriamkac/Perforce/mkac_Miriams-MacBook-Pro_3482'.

e32:Slashes (/) not allowed in '/Users/miriamkac/Perforce/mkac_Miriams-MacBook-Pro_3482'.\n
Slashes (/) not allowed in '/Users/miriamkac/Perforce/mkac_Miriams-MacBook-Pro_3482'.

Error: Slashes (/) not allowed in '/Users/miriamkac/Perforce/mkac_Miriams-MacBook-Pro_3482'.

e32:Slashes (/) not allowed in '/Users/miriamkac/Perforce/mkac_Miriams-MacBook-Pro_3482'.\n
